Determining if the pthread_create exist failed with the following output:
Change Dir: /home/pses/catkin_ws/build/CMakeFiles/CMakeTmp

Run Build Command:/usr/bin/make "cmTryCompileExec67000987/fast"
/usr/bin/make -f CMakeFiles/cmTryCompileExec67000987.dir/build.make CMakeFiles/cmTryCompileExec67000987.dir/build
make[1]: Entering directory `/home/pses/catkin_ws/build/CMakeFiles/CMakeTmp'
/usr/bin/cmake -E cmake_progress_report /home/pses/catkin_ws/build/CMakeFiles/CMakeTmp/CMakeFiles 1
Building C object CMakeFiles/cmTryCompileExec67000987.dir/CheckSymbolExists.c.o
/usr/bin/cc    -o CMakeFiles/cmTryCompileExec67000987.dir/CheckSymbolExists.c.o   -c /home/pses/catkin_ws/build/CMakeFiles/CMakeTmp/CheckSymbolExists.c
Linking C executable cmTryCompileExec67000987
/usr/bin/cmake -E cmake_link_script CMakeFiles/cmTryCompileExec67000987.dir/link.txt --verbose=1
/usr/bin/cc       CMakeFiles/cmTryCompileExec67000987.dir/CheckSymbolExists.c.o  -o cmTryCompileExec67000987 -rdynamic 
CMakeFiles/cmTryCompileExec67000987.dir/CheckSymbolExists.c.o: In function `main':
CheckSymbolExists.c:(.text+0x16): undefined reference to `pthread_create'
collect2: error: ld returned 1 exit status
make[1]: *** [cmTryCompileExec67000987] Error 1
make[1]: Leaving directory `/home/pses/catkin_ws/build/CMakeFiles/CMakeTmp'
make: *** [cmTryCompileExec67000987/fast] Error 2

File /home/pses/catkin_ws/build/CMakeFiles/CMakeTmp/CheckSymbolExists.c:
/* */
#include <pthread.h>

int main(int argc, char** argv)
{
  (void)argv;
#ifndef pthread_create
  return ((int*)(&pthread_create))[argc];
#else
  (void)argc;
  return 0;
#endif
}

Determining if the function pthread_create exists in the pthreads failed with the following output:
Change Dir: /home/pses/catkin_ws/build/CMakeFiles/CMakeTmp

Run Build Command:/usr/bin/make "cmTryCompileExec498446281/fast"
/usr/bin/make -f CMakeFiles/cmTryCompileExec498446281.dir/build.make CMakeFiles/cmTryCompileExec498446281.dir/build
make[1]: Entering directory `/home/pses/catkin_ws/build/CMakeFiles/CMakeTmp'
/usr/bin/cmake -E cmake_progress_report /home/pses/catkin_ws/build/CMakeFiles/CMakeTmp/CMakeFiles 1
Building C object CMakeFiles/cmTryCompileExec498446281.dir/CheckFunctionExists.c.o
/usr/bin/cc   -DCHECK_FUNCTION_EXISTS=pthread_create   -o CMakeFiles/cmTryCompileExec498446281.dir/CheckFunctionExists.c.o   -c /usr/share/cmake-2.8/Modules/CheckFunctionExists.c
Linking C executable cmTryCompileExec498446281
/usr/bin/cmake -E cmake_link_script CMakeFiles/cmTryCompileExec498446281.dir/link.txt --verbose=1
/usr/bin/cc   -DCHECK_FUNCTION_EXISTS=pthread_create    CMakeFiles/cmTryCompileExec498446281.dir/CheckFunctionExists.c.o  -o cmTryCompileExec498446281 -rdynamic -lpthreads 
/usr/bin/ld: cannot find -lpthreads
collect2: error: ld returned 1 exit status
make[1]: *** [cmTryCompileExec498446281] Error 1
make[1]: Leaving directory `/home/pses/catkin_ws/build/CMakeFiles/CMakeTmp'
make: *** [cmTryCompileExec498446281/fast] Error 2


